  Source.cpp
c:\users\james\onedrive - gmit\year2\year2procedural\sem2\cproj\cproj\cproj\source.cpp(56): warning C4326: return type of 'main' should be 'int' instead of 'void'
c:\users\james\onedrive - gmit\year2\year2procedural\sem2\cproj\cproj\cproj\source.cpp(75): warning C4996: 'fopen': This function or variable may be unsafe. Consider using fopen_s instead. To disable deprecation, use _CRT_SECURE_NO_WARNINGS. See online help for details.
  c:\program files (x86)\windows kits\10\include\10.0.17763.0\ucrt\stdio.h(208): note: see declaration of 'fopen'
c:\users\james\onedrive - gmit\year2\year2procedural\sem2\cproj\cproj\cproj\source.cpp(84): warning C4996: 'scanf': This function or variable may be unsafe. Consider using scanf_s instead. To disable deprecation, use _CRT_SECURE_NO_WARNINGS. See online help for details.
  c:\program files (x86)\windows kits\10\include\10.0.17763.0\ucrt\stdio.h(1274): note: see declaration of 'scanf'
c:\users\james\onedrive - gmit\year2\year2procedural\sem2\cproj\cproj\cproj\source.cpp(89): warning C4996: 'getch': The POSIX name for this item is deprecated. Instead, use the ISO C and C++ conformant name: _getch. See online help for details.
  c:\program files (x86)\windows kits\10\include\10.0.17763.0\ucrt\conio.h(453): note: see declaration of 'getch'
c:\users\james\onedrive - gmit\year2\year2procedural\sem2\cproj\cproj\cproj\source.cpp(107): warning C4996: 'fscanf': This function or variable may be unsafe. Consider using fscanf_s instead. To disable deprecation, use _CRT_SECURE_NO_WARNINGS. See online help for details.
  c:\program files (x86)\windows kits\10\include\10.0.17763.0\ucrt\stdio.h(1197): note: see declaration of 'fscanf'
c:\users\james\onedrive - gmit\year2\year2procedural\sem2\cproj\cproj\cproj\source.cpp(145): warning C4996: 'fopen': This function or variable may be unsafe. Consider using fopen_s instead. To disable deprecation, use _CRT_SECURE_NO_WARNINGS. See online help for details.
  c:\program files (x86)\windows kits\10\include\10.0.17763.0\ucrt\stdio.h(208): note: see declaration of 'fopen'
c:\users\james\onedrive - gmit\year2\year2procedural\sem2\cproj\cproj\cproj\source.cpp(157): warning C4996: 'fscanf': This function or variable may be unsafe. Consider using fscanf_s instead. To disable deprecation, use _CRT_SECURE_NO_WARNINGS. See online help for details.
  c:\program files (x86)\windows kits\10\include\10.0.17763.0\ucrt\stdio.h(1197): note: see declaration of 'fscanf'
c:\users\james\onedrive - gmit\year2\year2procedural\sem2\cproj\cproj\cproj\source.cpp(173): warning C4996: 'fopen': This function or variable may be unsafe. Consider using fopen_s instead. To disable deprecation, use _CRT_SECURE_NO_WARNINGS. See online help for details.
  c:\program files (x86)\windows kits\10\include\10.0.17763.0\ucrt\stdio.h(208): note: see declaration of 'fopen'
c:\users\james\onedrive - gmit\year2\year2procedural\sem2\cproj\cproj\cproj\source.cpp(202): warning C4996: 'scanf': This function or variable may be unsafe. Consider using scanf_s instead. To disable deprecation, use _CRT_SECURE_NO_WARNINGS. See online help for details.
  c:\program files (x86)\windows kits\10\include\10.0.17763.0\ucrt\stdio.h(1274): note: see declaration of 'scanf'
c:\users\james\onedrive - gmit\year2\year2procedural\sem2\cproj\cproj\cproj\source.cpp(205): warning C4996: 'scanf': This function or variable may be unsafe. Consider using scanf_s instead. To disable deprecation, use _CRT_SECURE_NO_WARNINGS. See online help for details.
  c:\program files (x86)\windows kits\10\include\10.0.17763.0\ucrt\stdio.h(1274): note: see declaration of 'scanf'
c:\users\james\onedrive - gmit\year2\year2procedural\sem2\cproj\cproj\cproj\source.cpp(207): warning C4996: 'scanf': This function or variable may be unsafe. Consider using scanf_s instead. To disable deprecation, use _CRT_SECURE_NO_WARNINGS. See online help for details.
  c:\program files (x86)\windows kits\10\include\10.0.17763.0\ucrt\stdio.h(1274): note: see declaration of 'scanf'
c:\users\james\onedrive - gmit\year2\year2procedural\sem2\cproj\cproj\cproj\source.cpp(209): warning C4996: 'scanf': This function or variable may be unsafe. Consider using scanf_s instead. To disable deprecation, use _CRT_SECURE_NO_WARNINGS. See online help for details.
  c:\program files (x86)\windows kits\10\include\10.0.17763.0\ucrt\stdio.h(1274): note: see declaration of 'scanf'
c:\users\james\onedrive - gmit\year2\year2procedural\sem2\cproj\cproj\cproj\source.cpp(211): warning C4996: 'scanf': This function or variable may be unsafe. Consider using scanf_s instead. To disable deprecation, use _CRT_SECURE_NO_WARNINGS. See online help for details.
  c:\program files (x86)\windows kits\10\include\10.0.17763.0\ucrt\stdio.h(1274): note: see declaration of 'scanf'
c:\users\james\onedrive - gmit\year2\year2procedural\sem2\cproj\cproj\cproj\source.cpp(213): warning C4996: 'scanf': This function or variable may be unsafe. Consider using scanf_s instead. To disable deprecation, use _CRT_SECURE_NO_WARNINGS. See online help for details.
  c:\program files (x86)\windows kits\10\include\10.0.17763.0\ucrt\stdio.h(1274): note: see declaration of 'scanf'
c:\users\james\onedrive - gmit\year2\year2procedural\sem2\cproj\cproj\cproj\source.cpp(215): warning C4996: 'scanf': This function or variable may be unsafe. Consider using scanf_s instead. To disable deprecation, use _CRT_SECURE_NO_WARNINGS. See online help for details.
  c:\program files (x86)\windows kits\10\include\10.0.17763.0\ucrt\stdio.h(1274): note: see declaration of 'scanf'
c:\users\james\onedrive - gmit\year2\year2procedural\sem2\cproj\cproj\cproj\source.cpp(219): warning C4996: 'scanf': This function or variable may be unsafe. Consider using scanf_s instead. To disable deprecation, use _CRT_SECURE_NO_WARNINGS. See online help for details.
  c:\program files (x86)\windows kits\10\include\10.0.17763.0\ucrt\stdio.h(1274): note: see declaration of 'scanf'
c:\users\james\onedrive - gmit\year2\year2procedural\sem2\cproj\cproj\cproj\source.cpp(224): warning C4996: 'scanf': This function or variable may be unsafe. Consider using scanf_s instead. To disable deprecation, use _CRT_SECURE_NO_WARNINGS. See online help for details.
  c:\program files (x86)\windows kits\10\include\10.0.17763.0\ucrt\stdio.h(1274): note: see declaration of 'scanf'
c:\users\james\onedrive - gmit\year2\year2procedural\sem2\cproj\cproj\cproj\source.cpp(229): warning C4996: 'scanf': This function or variable may be unsafe. Consider using scanf_s instead. To disable deprecation, use _CRT_SECURE_NO_WARNINGS. See online help for details.
  c:\program files (x86)\windows kits\10\include\10.0.17763.0\ucrt\stdio.h(1274): note: see declaration of 'scanf'
c:\users\james\onedrive - gmit\year2\year2procedural\sem2\cproj\cproj\cproj\source.cpp(233): warning C4996: 'scanf': This function or variable may be unsafe. Consider using scanf_s instead. To disable deprecation, use _CRT_SECURE_NO_WARNINGS. See online help for details.
  c:\program files (x86)\windows kits\10\include\10.0.17763.0\ucrt\stdio.h(1274): note: see declaration of 'scanf'
c:\users\james\onedrive - gmit\year2\year2procedural\sem2\cproj\cproj\cproj\source.cpp(237): warning C4996: 'scanf': This function or variable may be unsafe. Consider using scanf_s instead. To disable deprecation, use _CRT_SECURE_NO_WARNINGS. See online help for details.
  c:\program files (x86)\windows kits\10\include\10.0.17763.0\ucrt\stdio.h(1274): note: see declaration of 'scanf'
c:\users\james\onedrive - gmit\year2\year2procedural\sem2\cproj\cproj\cproj\source.cpp(254): warning C4996: 'scanf': This function or variable may be unsafe. Consider using scanf_s instead. To disable deprecation, use _CRT_SECURE_NO_WARNINGS. See online help for details.
  c:\program files (x86)\windows kits\10\include\10.0.17763.0\ucrt\stdio.h(1274): note: see declaration of 'scanf'
c:\users\james\onedrive - gmit\year2\year2procedural\sem2\cproj\cproj\cproj\source.cpp(271): warning C4996: 'scanf': This function or variable may be unsafe. Consider using scanf_s instead. To disable deprecation, use _CRT_SECURE_NO_WARNINGS. See online help for details.
  c:\program files (x86)\windows kits\10\include\10.0.17763.0\ucrt\stdio.h(1274): note: see declaration of 'scanf'
c:\users\james\onedrive - gmit\year2\year2procedural\sem2\cproj\cproj\cproj\source.cpp(289): warning C4996: 'scanf': This function or variable may be unsafe. Consider using scanf_s instead. To disable deprecation, use _CRT_SECURE_NO_WARNINGS. See online help for details.
  c:\program files (x86)\windows kits\10\include\10.0.17763.0\ucrt\stdio.h(1274): note: see declaration of 'scanf'
c:\users\james\onedrive - gmit\year2\year2procedural\sem2\cproj\cproj\cproj\source.cpp(291): warning C4996: 'scanf': This function or variable may be unsafe. Consider using scanf_s instead. To disable deprecation, use _CRT_SECURE_NO_WARNINGS. See online help for details.
  c:\program files (x86)\windows kits\10\include\10.0.17763.0\ucrt\stdio.h(1274): note: see declaration of 'scanf'
c:\users\james\onedrive - gmit\year2\year2procedural\sem2\cproj\cproj\cproj\source.cpp(293): warning C4996: 'scanf': This function or variable may be unsafe. Consider using scanf_s instead. To disable deprecation, use _CRT_SECURE_NO_WARNINGS. See online help for details.
  c:\program files (x86)\windows kits\10\include\10.0.17763.0\ucrt\stdio.h(1274): note: see declaration of 'scanf'
c:\users\james\onedrive - gmit\year2\year2procedural\sem2\cproj\cproj\cproj\source.cpp(295): warning C4996: 'scanf': This function or variable may be unsafe. Consider using scanf_s instead. To disable deprecation, use _CRT_SECURE_NO_WARNINGS. See online help for details.
  c:\program files (x86)\windows kits\10\include\10.0.17763.0\ucrt\stdio.h(1274): note: see declaration of 'scanf'
c:\users\james\onedrive - gmit\year2\year2procedural\sem2\cproj\cproj\cproj\source.cpp(297): warning C4996: 'scanf': This function or variable may be unsafe. Consider using scanf_s instead. To disable deprecation, use _CRT_SECURE_NO_WARNINGS. See online help for details.
  c:\program files (x86)\windows kits\10\include\10.0.17763.0\ucrt\stdio.h(1274): note: see declaration of 'scanf'
c:\users\james\onedrive - gmit\year2\year2procedural\sem2\cproj\cproj\cproj\source.cpp(299): warning C4996: 'scanf': This function or variable may be unsafe. Consider using scanf_s instead. To disable deprecation, use _CRT_SECURE_NO_WARNINGS. See online help for details.
  c:\program files (x86)\windows kits\10\include\10.0.17763.0\ucrt\stdio.h(1274): note: see declaration of 'scanf'
c:\users\james\onedrive - gmit\year2\year2procedural\sem2\cproj\cproj\cproj\source.cpp(302): warning C4996: 'scanf': This function or variable may be unsafe. Consider using scanf_s instead. To disable deprecation, use _CRT_SECURE_NO_WARNINGS. See online help for details.
  c:\program files (x86)\windows kits\10\include\10.0.17763.0\ucrt\stdio.h(1274): note: see declaration of 'scanf'
c:\users\james\onedrive - gmit\year2\year2procedural\sem2\cproj\cproj\cproj\source.cpp(307): warning C4996: 'scanf': This function or variable may be unsafe. Consider using scanf_s instead. To disable deprecation, use _CRT_SECURE_NO_WARNINGS. See online help for details.
  c:\program files (x86)\windows kits\10\include\10.0.17763.0\ucrt\stdio.h(1274): note: see declaration of 'scanf'
c:\users\james\onedrive - gmit\year2\year2procedural\sem2\cproj\cproj\cproj\source.cpp(312): warning C4996: 'scanf': This function or variable may be unsafe. Consider using scanf_s instead. To disable deprecation, use _CRT_SECURE_NO_WARNINGS. See online help for details.
  c:\program files (x86)\windows kits\10\include\10.0.17763.0\ucrt\stdio.h(1274): note: see declaration of 'scanf'
c:\users\james\onedrive - gmit\year2\year2procedural\sem2\cproj\cproj\cproj\source.cpp(316): warning C4996: 'scanf': This function or variable may be unsafe. Consider using scanf_s instead. To disable deprecation, use _CRT_SECURE_NO_WARNINGS. See online help for details.
  c:\program files (x86)\windows kits\10\include\10.0.17763.0\ucrt\stdio.h(1274): note: see declaration of 'scanf'
c:\users\james\onedrive - gmit\year2\year2procedural\sem2\cproj\cproj\cproj\source.cpp(320): warning C4996: 'scanf': This function or variable may be unsafe. Consider using scanf_s instead. To disable deprecation, use _CRT_SECURE_NO_WARNINGS. See online help for details.
  c:\program files (x86)\windows kits\10\include\10.0.17763.0\ucrt\stdio.h(1274): note: see declaration of 'scanf'
c:\users\james\onedrive - gmit\year2\year2procedural\sem2\cproj\cproj\cproj\source.cpp(401): warning C4996: 'scanf': This function or variable may be unsafe. Consider using scanf_s instead. To disable deprecation, use _CRT_SECURE_NO_WARNINGS. See online help for details.
  c:\program files (x86)\windows kits\10\include\10.0.17763.0\ucrt\stdio.h(1274): note: see declaration of 'scanf'
c:\users\james\onedrive - gmit\year2\year2procedural\sem2\cproj\cproj\cproj\source.cpp(406): warning C4996: 'scanf': This function or variable may be unsafe. Consider using scanf_s instead. To disable deprecation, use _CRT_SECURE_NO_WARNINGS. See online help for details.
  c:\program files (x86)\windows kits\10\include\10.0.17763.0\ucrt\stdio.h(1274): note: see declaration of 'scanf'
c:\users\james\onedrive - gmit\year2\year2procedural\sem2\cproj\cproj\cproj\source.cpp(476): warning C4996: 'scanf': This function or variable may be unsafe. Consider using scanf_s instead. To disable deprecation, use _CRT_SECURE_NO_WARNINGS. See online help for details.
  c:\program files (x86)\windows kits\10\include\10.0.17763.0\ucrt\stdio.h(1274): note: see declaration of 'scanf'
c:\users\james\onedrive - gmit\year2\year2procedural\sem2\cproj\cproj\cproj\source.cpp(564): warning C4996: 'scanf': This function or variable may be unsafe. Consider using scanf_s instead. To disable deprecation, use _CRT_SECURE_NO_WARNINGS. See online help for details.
  c:\program files (x86)\windows kits\10\include\10.0.17763.0\ucrt\stdio.h(1274): note: see declaration of 'scanf'
c:\users\james\onedrive - gmit\year2\year2procedural\sem2\cproj\cproj\cproj\source.cpp(570): warning C4996: 'scanf': This function or variable may be unsafe. Consider using scanf_s instead. To disable deprecation, use _CRT_SECURE_NO_WARNINGS. See online help for details.
  c:\program files (x86)\windows kits\10\include\10.0.17763.0\ucrt\stdio.h(1274): note: see declaration of 'scanf'
c:\users\james\onedrive - gmit\year2\year2procedural\sem2\cproj\cproj\cproj\source.cpp(577): warning C4996: 'scanf': This function or variable may be unsafe. Consider using scanf_s instead. To disable deprecation, use _CRT_SECURE_NO_WARNINGS. See online help for details.
  c:\program files (x86)\windows kits\10\include\10.0.17763.0\ucrt\stdio.h(1274): note: see declaration of 'scanf'
c:\users\james\onedrive - gmit\year2\year2procedural\sem2\cproj\cproj\cproj\source.cpp(579): warning C4996: 'strcpy': This function or variable may be unsafe. Consider using strcpy_s instead. To disable deprecation, use _CRT_SECURE_NO_WARNINGS. See online help for details.
  c:\program files (x86)\windows kits\10\include\10.0.17763.0\ucrt\string.h(133): note: see declaration of 'strcpy'
c:\users\james\onedrive - gmit\year2\year2procedural\sem2\cproj\cproj\cproj\source.cpp(582): warning C4996: 'scanf': This function or variable may be unsafe. Consider using scanf_s instead. To disable deprecation, use _CRT_SECURE_NO_WARNINGS. See online help for details.
  c:\program files (x86)\windows kits\10\include\10.0.17763.0\ucrt\stdio.h(1274): note: see declaration of 'scanf'
c:\users\james\onedrive - gmit\year2\year2procedural\sem2\cproj\cproj\cproj\source.cpp(587): warning C4996: 'scanf': This function or variable may be unsafe. Consider using scanf_s instead. To disable deprecation, use _CRT_SECURE_NO_WARNINGS. See online help for details.
  c:\program files (x86)\windows kits\10\include\10.0.17763.0\ucrt\stdio.h(1274): note: see declaration of 'scanf'
c:\users\james\onedrive - gmit\year2\year2procedural\sem2\cproj\cproj\cproj\source.cpp(602): warning C4996: 'scanf': This function or variable may be unsafe. Consider using scanf_s instead. To disable deprecation, use _CRT_SECURE_NO_WARNINGS. See online help for details.
  c:\program files (x86)\windows kits\10\include\10.0.17763.0\ucrt\stdio.h(1274): note: see declaration of 'scanf'
c:\users\james\onedrive - gmit\year2\year2procedural\sem2\cproj\cproj\cproj\source.cpp(609): warning C4996: 'scanf': This function or variable may be unsafe. Consider using scanf_s instead. To disable deprecation, use _CRT_SECURE_NO_WARNINGS. See online help for details.
  c:\program files (x86)\windows kits\10\include\10.0.17763.0\ucrt\stdio.h(1274): note: see declaration of 'scanf'
c:\users\james\onedrive - gmit\year2\year2procedural\sem2\cproj\cproj\cproj\source.cpp(611): warning C4996: 'strcpy': This function or variable may be unsafe. Consider using strcpy_s instead. To disable deprecation, use _CRT_SECURE_NO_WARNINGS. See online help for details.
  c:\program files (x86)\windows kits\10\include\10.0.17763.0\ucrt\string.h(133): note: see declaration of 'strcpy'
c:\users\james\onedrive - gmit\year2\year2procedural\sem2\cproj\cproj\cproj\source.cpp(614): warning C4996: 'scanf': This function or variable may be unsafe. Consider using scanf_s instead. To disable deprecation, use _CRT_SECURE_NO_WARNINGS. See online help for details.
  c:\program files (x86)\windows kits\10\include\10.0.17763.0\ucrt\stdio.h(1274): note: see declaration of 'scanf'
c:\users\james\onedrive - gmit\year2\year2procedural\sem2\cproj\cproj\cproj\source.cpp(619): warning C4996: 'scanf': This function or variable may be unsafe. Consider using scanf_s instead. To disable deprecation, use _CRT_SECURE_NO_WARNINGS. See online help for details.
  c:\program files (x86)\windows kits\10\include\10.0.17763.0\ucrt\stdio.h(1274): note: see declaration of 'scanf'
c:\users\james\onedrive - gmit\year2\year2procedural\sem2\cproj\cproj\cproj\source.cpp(556): warning C4101: 'choice': unreferenced local variable
c:\users\james\onedrive - gmit\year2\year2procedural\sem2\cproj\cproj\cproj\source.cpp(642): warning C4996: 'scanf': This function or variable may be unsafe. Consider using scanf_s instead. To disable deprecation, use _CRT_SECURE_NO_WARNINGS. See online help for details.
  c:\program files (x86)\windows kits\10\include\10.0.17763.0\ucrt\stdio.h(1274): note: see declaration of 'scanf'
c:\users\james\onedrive - gmit\year2\year2procedural\sem2\cproj\cproj\cproj\source.cpp(706): warning C4244: '=': conversion from 'int' to 'float', possible loss of data
c:\users\james\onedrive - gmit\year2\year2procedural\sem2\cproj\cproj\cproj\source.cpp(707): warning C4244: '=': conversion from 'int' to 'float', possible loss of data
c:\users\james\onedrive - gmit\year2\year2procedural\sem2\cproj\cproj\cproj\source.cpp(708): warning C4244: '=': conversion from 'int' to 'float', possible loss of data
c:\users\james\onedrive - gmit\year2\year2procedural\sem2\cproj\cproj\cproj\source.cpp(725): warning C4244: '=': conversion from 'int' to 'float', possible loss of data
c:\users\james\onedrive - gmit\year2\year2procedural\sem2\cproj\cproj\cproj\source.cpp(726): warning C4244: '=': conversion from 'int' to 'float', possible loss of data
c:\users\james\onedrive - gmit\year2\year2procedural\sem2\cproj\cproj\cproj\source.cpp(727): warning C4244: '=': conversion from 'int' to 'float', possible loss of data
c:\users\james\onedrive - gmit\year2\year2procedural\sem2\cproj\cproj\cproj\source.cpp(686): warning C4101: 'choice': unreferenced local variable
c:\users\james\onedrive - gmit\year2\year2procedural\sem2\cproj\cproj\cproj\source.cpp(688): warning C4101: 'file': unreferenced local variable
c:\users\james\onedrive - gmit\year2\year2procedural\sem2\cproj\cproj\cproj\source.cpp(751): warning C4996: 'fopen': This function or variable may be unsafe. Consider using fopen_s instead. To disable deprecation, use _CRT_SECURE_NO_WARNINGS. See online help for details.
  c:\program files (x86)\windows kits\10\include\10.0.17763.0\ucrt\stdio.h(208): note: see declaration of 'fopen'
c:\users\james\onedrive - gmit\year2\year2procedural\sem2\cproj\cproj\cproj\source.cpp(855): warning C4996: 'scanf': This function or variable may be unsafe. Consider using scanf_s instead. To disable deprecation, use _CRT_SECURE_NO_WARNINGS. See online help for details.
  c:\program files (x86)\windows kits\10\include\10.0.17763.0\ucrt\stdio.h(1274): note: see declaration of 'scanf'
c:\users\james\onedrive - gmit\year2\year2procedural\sem2\cproj\cproj\cproj\source.cpp(916): warning C4996: 'scanf': This function or variable may be unsafe. Consider using scanf_s instead. To disable deprecation, use _CRT_SECURE_NO_WARNINGS. See online help for details.
  c:\program files (x86)\windows kits\10\include\10.0.17763.0\ucrt\stdio.h(1274): note: see declaration of 'scanf'
c:\users\james\onedrive - gmit\year2\year2procedural\sem2\cproj\cproj\cproj\source.cpp(978): warning C4996: 'scanf': This function or variable may be unsafe. Consider using scanf_s instead. To disable deprecation, use _CRT_SECURE_NO_WARNINGS. See online help for details.
  c:\program files (x86)\windows kits\10\include\10.0.17763.0\ucrt\stdio.h(1274): note: see declaration of 'scanf'
  cProj.vcxproj -> C:\Users\james\OneDrive - GMIT\Year2\Year2Procedural\sem2\cProj\cProj\Debug\cProj.exe
